<?xml version="1.0" encoding="UTF-8" ?>
<testsuite tests="4" failures="0" name="com.engeto.calculation.CalcTest" time="0.004" errors="0" skipped="0">
  <properties>
[...]
</properties>
  <testcase classname="com.engeto.calculation.CalcTest" name="com.engeto.calculation.CalcTest.testDeleniNulou" time="0.004"/>
  <testcase classname="com.engeto.calculation.CalcTest" name="com.engeto.calculation.CalcTest.testScitani" time="0"/>
  <testcase classname="com.engeto.calculation.CalcTest" name="com.engeto.calculation.CalcTest.testDeleni" time="0"/>
  <testcase classname="com.engeto.calculation.CalcTest" name="com.engeto.calculation.CalcTest.testScitaniBiggerThenZero" time="0"/>
</testsuite>